C51 COMPILER V9.00   18B20                                                                 11/21/2014 11:41:04 PAGE 1   


C51 COMPILER V9.00, COMPILATION OF MODULE 18B20
OBJECT MODULE PLACED IN 18b20.OBJ
COMPILER INVOKED BY: e:\Keil\C51\BIN\C51.EXE 18b20.c BROWSE DEBUG OBJECTEXTEND

line level    source

   1          #include<reg52.h>
   2          #include"18b20.h"
   3          #include"intrins.h"
   4          #define uchar unsigned char
   5          #define uint unsigned int
   6          sbit DQ=P3^3;
   7          
   8          void delay(uint a)                              //10us
   9          {
  10   1              uchar i;
  11   1              for(i=0;i<a;i++)
  12   1              {
  13   2                      _nop_();                
  14   2              }       
  15   1      }
  16          void init()
  17          {
  18   1              DQ=1;
  19   1              delay(1);
  20   1              DQ=0;
  21   1              delay(60);
  22   1              DQ=1;
  23   1              delay(15);
  24   1              while(DQ)
  25   1              {
  26   2                      delay(200);
  27   2                      break;
  28   2              }
  29   1                      
  30   1      }
  31          void write_byte(uchar dat)
  32          {
  33   1              uchar i;
  34   1              for(i=0;i<8;i++)
  35   1              {
  36   2               DQ=1;
  37   2               _nop_();
  38   2               DQ=0;
  39   2               
  40   2               DQ=dat&0x01;
  41   2               delay(5);
  42   2               DQ=1;
  43   2               dat=dat>>1;
  44   2               
  45   2               }
  46   1      }
  47          /*
  48          uint read_byte()
  49          {
  50                  unsigned char r_value,i,j;
  51                  for(j=0;j<8;j++)
  52                  {       
  53                    DQ=1;
  54                          for(i=0;i<0;i++);
  55                    DQ=0;
C51 COMPILER V9.00   18B20                                                                 11/21/2014 11:41:04 PAGE 2   

  56                          for(i=0;i<0;i++);
  57                          DQ=1;
  58                          r_value>>=1;
  59                          if(DQ)
  60                          {
  61                                          r_value|=0x80;
  62                          }
  63                          for(i=0;i<8;i++); 
  64                  }
  65                  return r_value;
  66          }
  67          */
  68          uint read_byte()
  69          {
  70   1              uchar i,dat,byte;
  71   1              dat=dat<<7;
  72   1              for(i=0;i<8;i++)
  73   1              {
  74   2                      DQ=1;
  75   2                      _nop_();
  76   2                      DQ=0;
  77   2                      delay(1);
  78   2                      DQ=1;   
  79   2                      byte=DQ;
  80   2                      dat=(dat>>1)|(byte<<7);
  81   2                      delay(5);               
  82   2              }
  83   1              return dat;
  84   1      }
  85          
  86          uint read_temp()
  87          {
  88   1              uint temph,templ,tempdat,retemp;
  89   1              float temp;
  90   1              init();
  91   1              write_byte(0xcc);
  92   1              write_byte(0x44);
  93   1              while(!DQ);
  94   1              init();
  95   1              write_byte(0xcc);
  96   1              write_byte(0xbe);
  97   1              templ=read_byte();
  98   1              temph=read_byte();
  99   1              tempdat=temph<<8;
 100   1              tempdat=tempdat | templ;
 101   1              temp=tempdat;
 102   1              temp=temp*0.0625;
 103   1              retemp=(uint)(temp*100);
 104   1              return retemp;
 105   1      }


MODULE INFORMATION:   STATIC OVERLAYABLE
   CODE SIZE        =    238    ----
   CONSTANT SIZE    =   ----    ----
   XDATA SIZE       =   ----    ----
   PDATA SIZE       =   ----    ----
   DATA SIZE        =   ----       4
   IDATA SIZE       =   ----    ----
   BIT SIZE         =   ----    ----
END OF MODULE INFORMATION.


C51 COMPILATION COMPLETE.  0 WARNING(S),  0 ERROR(S)
