C51 COMPILER V9.00   MAIN                                                                  11/21/2014 11:41:04 PAGE 1   


C51 COMPILER V9.00, COMPILATION OF MODULE MAIN
OBJECT MODULE PLACED IN main.OBJ
COMPILER INVOKED BY: e:\Keil\C51\BIN\C51.EXE main.c BROWSE DEBUG OBJECTEXTEND

line level    source

   1          #include<reg52.h> 
   2          #include"18b20.h"
   3          #define uchar unsigned char 
   4          #define uint unsigned int 
   5          uchar tabel1[]={~0x3f,~0x06,~0x5b,~0x4f,~0x66,~0x6d,~0x7d,~0x07,~0x7f,~0x6f,~0x40,~0x00};
   6          uchar tabel2[]={0xfe,0xfd,0xfb,0xf7,0xef,0xdf,0xbf,0x7f};
   7          uchar keyflag,tp,bp,shi,ge,dingwen,bflag,qq,pppp;
   8          uint temp,temp2;
   9          uchar d[4],dd[4]; 
  10          sbit beep=P3^7;
  11          sbit key1=P1^4;
  12          sbit key2=P1^5;
  13          sbit key3=P1^6;
  14          sbit key4=P1^7;
  15          
  16          
  17          void delay1(uint a)
  18          {
  19   1              uint i;
  20   1              for(;a>0;a--)
  21   1              for(i=6245;i>0;i--);
  22   1      }
  23          void delay2(uint a)
  24          {
  25   1              uchar i;
  26   1              for(;a>0;a--)
  27   1              for(i=19;i>0;i--);
  28   1      }
  29          
  30          void uart1send(uchar c)
  31          {
  32   1              SBUF=c;
  33   1              while(!TI);//等待发送完成信号（TI=1）出现
  34   1              TI=0;   
  35   1      }
  36          void uartsend(uchar *str)
  37          {
  38   1              while(*str!='\0')
  39   1              {
  40   2                      SBUF=*str;
  41   2                      while(!TI);
  42   2                      TI=0;
  43   2                      str++;
  44   2              }
  45   1      }
  46          void display()
  47          {
  48   1              uchar i;
  49   1              d[0]=temp/1000;
  50   1              d[1]=(temp%1000)/100;
  51   1              d[2]=(temp%100)/10;
  52   1              d[3]=temp%10;
  53   1              dd[0]=shi;
  54   1              dd[1]=ge;
  55   1              dd[2]=11;
C51 COMPILER V9.00   MAIN                                                                  11/21/2014 11:41:04 PAGE 2   

  56   1              dd[3]=bp;
  57   1              for(i=0;i<4;i++)
  58   1              {
  59   2                      if(keyflag==0)
  60   2                      {
  61   3                              P0=tabel1[d[i]];
  62   3                              if(i==1)
  63   3                              {
  64   4                                      P0=P0&0x7f;
  65   4                              }
  66   3                      }
  67   2                      if((keyflag==1)||(keyflag==2))
  68   2                      {
  69   3                       P0=tabel1[dd[i]];
  70   3                       }
  71   2                      P2=tabel2[i];
  72   2                      if((tp==0)&&(keyflag==1))
  73   2                      {
  74   3                              P2=P2|0x01;
  75   3                      }
  76   2                      if((tp==0)&&(keyflag==2))
  77   2                      {
  78   3                              P2=P2|0x02;
  79   3                      }
  80   2                      delay2(15);
  81   2      //              P2=0xff;
  82   2              }       
  83   1      }
  84          void key()
  85          {
  86   1              if(key1==0)
  87   1              {
  88   2                      delay2(1);
  89   2                      if(key1==0)
  90   2                      {
  91   3                              display();
  92   3                              bflag=1;
  93   3                              uartsend("at\r\n");
  94   3                              delay1(5);
  95   3                              uartsend("at+cmgf=1\r\n");
  96   3                              delay1(5);
  97   3                              uartsend("at+csmp=17,167,2,25\r\n");
  98   3                              delay1(5);
  99   3                              uartsend("at+cscs=\"UCS2\"\r\n");       
 100   3                              delay1(5);
 101   3                              uartsend("at+cmgs=\"00310038003800370034003200320034003200390034\"\r\n");
 102   3                              delay1(5);
 103   3                              uartsend("5BB691CC67655C0F50775566FF0C5FEB56DE5BB6");
 104   3                              delay1(5);
 105   3                              uart1send(0x1a);
 106   3                              
 107   3                              delay1(50);
 108   3                              uartsend("at\r\n");
 109   3                              delay1(5);
 110   3                              uartsend("at\r\n");
 111   3                              delay1(1);
 112   3                              uartsend("ate1\r\n");
 113   3                              delay1(5);                      
 114   3                              uartsend("at+colp=1\r\n");
 115   3                              delay1(5);
 116   3                              uartsend("atd18874224294;\r\n");        
 117   3                              while(!key1)display();
C51 COMPILER V9.00   MAIN                                                                  11/21/2014 11:41:04 PAGE 3   

 118   3                      }
 119   2              }
 120   1              if(key2==0)
 121   1              {
 122   2                      delay2(10);
 123   2                      if(key2==0)
 124   2                      {
 125   3                              keyflag++;
 126   3                              if(keyflag==3)
 127   3                              {
 128   4                                      keyflag=0;
 129   4                              }
 130   3                              while(!key2)display();
 131   3                      }
 132   2              }
 133   1              if(keyflag==1)
 134   1              {
 135   2                      if(key3==0)
 136   2                      {
 137   3                              delay2(1);
 138   3                              if(key3==0)
 139   3                              {
 140   4                                      shi++;
 141   4                                      if(shi==10)
 142   4                                      {
 143   5                                              shi=0;
 144   5                                      }
 145   4                                      while(!key3)display();
 146   4                              }
 147   3                      }       
 148   2              }
 149   1              if(keyflag==2)
 150   1              {
 151   2                      if(key3==0)
 152   2                      {
 153   3                              delay2(1);
 154   3                              if(key3==0)
 155   3                              {
 156   4                                      ge++;
 157   4                                      if(ge==10)
 158   4                                      {
 159   5                                              ge=0;
 160   5                                      }
 161   4                                      while(!key3)display();
 162   4                              }
 163   3                      }       
 164   2              }
 165   1              if(bflag==1)
 166   1              {
 167   2                      if(key4==0)
 168   2                      {
 169   3                              delay2(1);
 170   3                              if(key4==0)
 171   3                              {
 172   4                                      bflag=0;
 173   4                                      while(!key4)display();
 174   4                              }
 175   3                      }
 176   2              }
 177   1              if(bflag==0)
 178   1              {
 179   2                      if(key4==0)
C51 COMPILER V9.00   MAIN                                                                  11/21/2014 11:41:04 PAGE 4   

 180   2                      {
 181   3                              delay2(1);
 182   3                              if(key4==0)
 183   3                              {
 184   4                                      bp++;
 185   4                                      if(bp==1)
 186   4                                      {
 187   5                                              pppp=0;
 188   5                                      }
 189   4                                      if(bp==2)
 190   4                                      {
 191   5                                              bp=0;
 192   5                                      }
 193   4                                      while(!key4)display();
 194   4                              }
 195   3                      }
 196   2              }
 197   1      }
 198          
 199          void main()
 200          {       
 201   1              
 202   1              TMOD=0x21;
 203   1              TH1=253;
 204   1              TL1=253;
 205   1              TH0=(65536-50000)/256;
 206   1              TL0=(65536-50000)%256;
 207   1              ES=1;
 208   1              EA=1;
 209   1              SCON=0x50;
 210   1              TR1=1;
 211   1              ET0=1;
 212   1              TR0=1;
 213   1              while(1)
 214   1              {       
 215   2                      dingwen=shi*10+ge;
 216   2                      temp2=(uint)(temp/100); 
 217   2                      temp=read_temp(); 
 218   2                      key();
 219   2                      display();
 220   2                              
 221   2                      if((pppp==0)&&(temp2>=dingwen))
 222   2                      {
 223   3                              pppp++;
 224   3                              uartsend("at\r\n");
 225   3                              delay1(5);
 226   3                              uartsend("at+cmgf=1\r\n");
 227   3                              delay1(5);
 228   3                              uartsend("at+csmp=17,167,2,25\r\n");
 229   3                              delay1(5);
 230   3                              uartsend("at+cscs=\"UCS2\"\r\n");       
 231   3                              delay1(5);
 232   3                              uartsend("at+cmgs=\"00310038003800370034003200320034003200390034\"\r\n");
 233   3                              delay1(5);
 234   3                              uartsend("5BB691CC53D1751F706B707E4E86FF01FF01FF01FF01FF01FF01");
 235   3                              delay1(5);
 236   3                              uart1send(0x1a);
 237   3                      }
 238   2      
 239   2                      if((bflag==1)||((bp==1)&&(temp2>=dingwen)))
 240   2                      {
 241   3                              display();
C51 COMPILER V9.00   MAIN                                                                  11/21/2014 11:41:04 PAGE 5   

 242   3                              beep=0;
 243   3                              delay1(1);
 244   3                              beep=1;
 245   3                      }               
 246   2              //      uartsend("at+cmgf=1\r");        
 247   2              }
 248   1      }
 249          void time() interrupt 1
 250          {
 251   1              TH0=(65536-50000)/256;
 252   1              TL0=(65536-50000)%256;
 253   1              qq++;
 254   1              if(qq==10)
 255   1              {
 256   2                      qq=0;
 257   2                      tp=~tp;
 258   2              }
 259   1      }
 260          void chuan() interrupt 4
 261          {
 262   1              RI=0;
 263   1      }


MODULE INFORMATION:   STATIC OVERLAYABLE
   CODE SIZE        =    762    ----
   CONSTANT SIZE    =    244    ----
   XDATA SIZE       =   ----    ----
   PDATA SIZE       =   ----    ----
   DATA SIZE        =     41    ----
   IDATA SIZE       =   ----    ----
   BIT SIZE         =   ----    ----
END OF MODULE INFORMATION.


C51 COMPILATION COMPLETE.  0 WARNING(S),  0 ERROR(S)
